<?xml version="1.0" encoding="UTF-8"?>
<robot generator="Robot 7.3.2 (Python 3.13.3 on win32)" generated="2025-08-16T15:43:32.512359" rpa="false" schemaversion="5">
<suite id="s1" name="Suites">
<suite id="s1-s1" name="CaptureScreen" source="C:\Users\arpgar01\PycharmProjects\PythonProject1\TestProject\TestCases\CaptureScreen.robot">
<test id="s1-s1-t1" name="LoginTC" line="10">
<kw name="Open Browser" owner="SeleniumLibrary">
<msg time="2025-08-16T15:43:33.320297" level="INFO">Opening browser 'chrome' to base url 'https://opensource-demo.orangehrmlive.com/web/index.php/auth/login'.</msg>
<arg>${url}</arg>
<arg>${browser}</arg>
<doc>Opens a new browser instance to the optional ``url``.</doc>
<status status="PASS" start="2025-08-16T15:43:33.319524" elapsed="27.489239"/>
</kw>
<kw name="Maximize Browser Window" owner="SeleniumLibrary">
<doc>Maximizes current browser window.</doc>
<status status="PASS" start="2025-08-16T15:44:00.809286" elapsed="0.060056"/>
</kw>
<kw name="Wait Until Page Contains" owner="SeleniumLibrary">
<msg time="2025-08-16T15:44:06.255013" level="INFO" html="true">&lt;/td&gt;&lt;/tr&gt;&lt;tr&gt;&lt;td colspan="3"&gt;&lt;a href="selenium-screenshot-1.png"&gt;&lt;img src="selenium-screenshot-1.png" width="800px"&gt;&lt;/a&gt;</msg>
<msg time="2025-08-16T15:44:06.255366" level="FAIL">Text 'Login' did not appear in 5 seconds.</msg>
<arg>Login</arg>
<doc>Waits until ``text`` appears on the current page.</doc>
<status status="FAIL" start="2025-08-16T15:44:00.870154" elapsed="5.395438">Text 'Login' did not appear in 5 seconds.</status>
</kw>
<kw name="Input Text" owner="SeleniumLibrary">
<arg>xpath://input[@placeholder='Username']</arg>
<arg>Admin</arg>
<doc>Types the given ``text`` into the text field identified by ``locator``.</doc>
<status status="NOT RUN" start="2025-08-16T15:44:06.266123" elapsed="0.000191"/>
</kw>
<kw name="Set Selenium Speed" owner="SeleniumLibrary">
<arg>2</arg>
<doc>Sets the delay that is waited after each Selenium command.</doc>
<status status="NOT RUN" start="2025-08-16T15:44:06.266635" elapsed="0.000170"/>
</kw>
<kw name="Input Text" owner="SeleniumLibrary">
<arg>xpath://input[@placeholder='Password']</arg>
<arg>admin123</arg>
<doc>Types the given ``text`` into the text field identified by ``locator``.</doc>
<status status="NOT RUN" start="2025-08-16T15:44:06.267227" elapsed="0.000310"/>
</kw>
<kw name="Capture Element Screenshot" owner="SeleniumLibrary">
<arg>xpath://*[@id="app"]/div[1]/div/div[1]/div/div[1]/img</arg>
<arg>C:/Users/arpgar01/PycharmProjects/PythonProject1/TestProject/Logo.png</arg>
<doc>Captures a screenshot from the element identified by ``locator`` and embeds it into log file.</doc>
<status status="NOT RUN" start="2025-08-16T15:44:06.267915" elapsed="0.000189"/>
</kw>
<kw name="Capture Page Screenshot" owner="SeleniumLibrary">
<arg>C:/Users/arpgar01/PycharmProjects/PythonProject1/TestProject/LoginTC.png</arg>
<doc>Takes a screenshot of the current page and embeds it into a log file.</doc>
<status status="NOT RUN" start="2025-08-16T15:44:06.268498" elapsed="0.000181"/>
</kw>
<kw name="Sleep" owner="BuiltIn">
<arg>2</arg>
<doc>Pauses the test executed for the given time.</doc>
<status status="NOT RUN" start="2025-08-16T15:44:06.268994" elapsed="0.000195"/>
</kw>
<kw name="Close All Browsers" owner="SeleniumLibrary">
<doc>Closes all open browsers and resets the browser cache.</doc>
<status status="NOT RUN" start="2025-08-16T15:44:06.269497" elapsed="0.000161"/>
</kw>
<status status="FAIL" start="2025-08-16T15:43:33.317388" elapsed="32.952706">Text 'Login' did not appear in 5 seconds.</status>
</test>
<status status="FAIL" start="2025-08-16T15:43:32.580916" elapsed="33.690691"/>
</suite>
<status status="FAIL" start="2025-08-16T15:43:32.554533" elapsed="33.719221"/>
</suite>
<statistics>
<total>
<stat pass="0" fail="1" skip="0">All Tests</stat>
</total>
<tag>
</tag>
<suite>
<stat name="Suites" id="s1" pass="0" fail="1" skip="0">Suites</stat>
<stat name="CaptureScreen" id="s1-s1" pass="0" fail="1" skip="0">Suites.CaptureScreen</stat>
</suite>
</statistics>
<errors>
<msg time="2025-08-16T15:43:32.502480" level="WARN">Error in file 'C:\Users\arpgar01\PycharmProjects\PythonProject1\TestProject\TestCases\UserKeywords.robot' on line 31: The '[Return]' setting is deprecated. Use the 'RETURN' statement instead.</msg>
</errors>
</robot>
