<?xml version="1.0" encoding="UTF-8"?>
<robot generator="Robot 7.3.2 (Python 3.13.3 on win32)" generated="2025-08-16T15:45:21.572212" rpa="false" schemaversion="5">
<suite id="s1" name="Suites">
<suite id="s1-s1" name="ForLoopdemo" source="C:\Users\arpgar01\PycharmProjects\PythonProject1\TestProject\TestCases\ForLoopdemo.robot">
<test id="s1-s1-t1" name="ForLoop3iwithList" line="21">
<status status="FAIL" start="2025-08-16T15:45:21.732747" elapsed="0.001169">Test cannot be empty.</status>
</test>
<test id="s1-s1-t2" name="ForLoop4" line="27">
<kw name="Create List" owner="BuiltIn">
<msg time="2025-08-16T15:45:21.737919" level="INFO">@{items} = [ 1 | 2 | 3 | 4 | 5 ]</msg>
<var>@{items}</var>
<arg>1</arg>
<arg>2</arg>
<arg>3</arg>
<arg>4</arg>
<arg>5</arg>
<doc>Returns a list containing given items.</doc>
<status status="PASS" start="2025-08-16T15:45:21.737143" elapsed="0.000898"/>
</kw>
<for flavor="IN">
<iter>
<kw name="Log To Console" owner="BuiltIn">
<arg>${i}</arg>
<doc>Logs the given message to the console.</doc>
<status status="PASS" start="2025-08-16T15:45:21.739288" elapsed="0.000677"/>
</kw>
<kw name="Exit For Loop If" owner="BuiltIn">
<arg>${i}==3</arg>
<doc>Stops executing the enclosing FOR loop if the ``condition`` is true.</doc>
<status status="PASS" start="2025-08-16T15:45:21.740318" elapsed="0.000835"/>
</kw>
<var name="${i}">1</var>
<status status="PASS" start="2025-08-16T15:45:21.738907" elapsed="0.002402"/>
</iter>
<iter>
<kw name="Log To Console" owner="BuiltIn">
<arg>${i}</arg>
<doc>Logs the given message to the console.</doc>
<status status="PASS" start="2025-08-16T15:45:21.741978" elapsed="0.000599"/>
</kw>
<kw name="Exit For Loop If" owner="BuiltIn">
<arg>${i}==3</arg>
<doc>Stops executing the enclosing FOR loop if the ``condition`` is true.</doc>
<status status="PASS" start="2025-08-16T15:45:21.742869" elapsed="0.000659"/>
</kw>
<var name="${i}">2</var>
<status status="PASS" start="2025-08-16T15:45:21.741640" elapsed="0.002032"/>
</iter>
<iter>
<kw name="Log To Console" owner="BuiltIn">
<arg>${i}</arg>
<doc>Logs the given message to the console.</doc>
<status status="PASS" start="2025-08-16T15:45:21.744272" elapsed="0.000520"/>
</kw>
<kw name="Exit For Loop If" owner="BuiltIn">
<msg time="2025-08-16T15:45:21.745600" level="INFO">Exiting for loop altogether.</msg>
<arg>${i}==3</arg>
<doc>Stops executing the enclosing FOR loop if the ``condition`` is true.</doc>
<status status="PASS" start="2025-08-16T15:45:21.745047" elapsed="0.000733"/>
</kw>
<var name="${i}">3</var>
<status status="PASS" start="2025-08-16T15:45:21.743982" elapsed="0.001968"/>
</iter>
<var>${i}</var>
<value>@{items}</value>
<status status="PASS" start="2025-08-16T15:45:21.738325" elapsed="0.007776"/>
</for>
<status status="PASS" start="2025-08-16T15:45:21.734864" elapsed="0.011575"/>
</test>
<status status="FAIL" start="2025-08-16T15:45:21.724765" elapsed="0.022530"/>
</suite>
<status status="FAIL" start="2025-08-16T15:45:21.657953" elapsed="0.090943"/>
</suite>
<statistics>
<total>
<stat pass="1" fail="1" skip="0">All Tests</stat>
</total>
<tag>
</tag>
<suite>
<stat name="Suites" id="s1" pass="1" fail="1" skip="0">Suites</stat>
<stat name="ForLoopdemo" id="s1-s1" pass="1" fail="1" skip="0">Suites.ForLoopdemo</stat>
</suite>
</statistics>
<errors>
<msg time="2025-08-16T15:45:21.559960" level="WARN">Error in file 'C:\Users\arpgar01\PycharmProjects\PythonProject1\TestProject\TestCases\UserKeywords.robot' on line 31: The '[Return]' setting is deprecated. Use the 'RETURN' statement instead.</msg>
</errors>
</robot>
